<?xml version="1.0" encoding="UTF-8"?>
<!-- Generated by org.testng.reporters.JUnitReportReporter -->
<testsuite hostname="DESKTOP-K2QB92J" failures="0" tests="2" name="cucumber.TestNGTestRunner" time="11.213" errors="0" timestamp="2024-05-09T21:44:22 IST" skipped="0">
  <testcase classname="cucumber.TestNGTestRunner" name="runScenario" time="9.056"/>
  <testcase classname="cucumber.TestNGTestRunner" name="runScenario" time="2.157"/>
</testsuite> <!-- cucumber.TestNGTestRunner -->
