<?xml version="1.0" encoding="UTF-8"?>
<!-- Generated by org.testng.reporters.JUnitReportReporter -->
<testsuite hostname="DESKTOP-K2QB92J" failures="0" tests="5" name="PageTests.HomePageTest" time="7.631" errors="0" timestamp="2024-05-09T21:44:57 IST" skipped="0">
  <testcase classname="PageTests.HomePageTest" name="checkLoginButtonText" time="0.034"/>
  <testcase classname="PageTests.HomePageTest" name="checkHeaderText" time="0.023"/>
  <testcase classname="PageTests.HomePageTest" name="clickOnLogin" time="0.400"/>
  <testcase classname="PageTests.HomePageTest" name="checkLogin" time="0.107"/>
  <testcase classname="PageTests.HomePageTest" name="checkLoginFuntion" time="7.067"/>
</testsuite> <!-- PageTests.HomePageTest -->
