<?xml version="1.0" encoding="UTF-8"?>
<!-- Generated by org.testng.reporters.JUnitReportReporter -->
<testsuite hostname="DESKTOP-K2QB92J" failures="0" tests="1" name="Baseclass.BaseTest" time="8.509" errors="0" timestamp="2024-05-08T22:30:11 IST" skipped="0">
  <testcase classname="Baseclass.BaseTest" name="setupDriver" time="8.509"/>
</testsuite> <!-- Baseclass.BaseTest -->
