<?xml version="1.0" encoding="UTF-8"?>
<!-- Generated by org.testng.reporters.JUnitReportReporter -->
<testsuite hostname="DESKTOP-K2QB92J" failures="0" tests="5" name="PageTests.HomePageTest" time="7.779" errors="0" timestamp="2024-05-08T23:40:46 IST" skipped="0">
  <testcase classname="PageTests.HomePageTest" name="checkLoginButtonText" time="0.036"/>
  <testcase classname="PageTests.HomePageTest" name="checkHeaderText" time="0.021"/>
  <testcase classname="PageTests.HomePageTest" name="clickOnLogin" time="0.380"/>
  <testcase classname="PageTests.HomePageTest" name="checkLogin" time="0.160"/>
  <testcase classname="PageTests.HomePageTest" name="checkLoginFuntion" time="7.182"/>
</testsuite> <!-- PageTests.HomePageTest -->
